# JRE version: OpenJDK Runtime Environment Temurin-21.0.5+11 (21.0.5+11) (build 21.0.5+11-LTS)
# Java VM: OpenJDK 64-Bit Server VM Temurin-21.0.5+11 (21.0.5+11-LTS, mixed mode, sharing, tiered, compressed oops, compressed class ptrs, g1 gc, windows-amd64)
GC Precious Log:
 CardTable entry size: 512
 Card Set container configuration: InlinePtr #cards 5 size 8 Array Of Cards #cards 12 size 40 Howl #buckets 4 coarsen threshold 1843 Howl Bitmap #cards 512 size 80 coarsen threshold 460 Card regions per heap region 1 cards per card region 2048
 CPUs: 12 total, 12 available
 Memory: 6005M
 Large Page Support: Disabled
 NUMA Support: Disabled
 Compressed Oops: Enabled (32-bit)
 Heap Region Size: 1M
 Heap Min Capacity: 8M
 Heap Initial Capacity: 94M
 Heap Max Capacity: 1502M
 Pre-touch: Disabled
 Parallel Workers: 10
 Concurrent Workers: 3
 Concurrent Refinement Workers: 10
 Periodic GC: Disabled
Heap:
 garbage-first heap   total 20480K, used 9607K [0x00000000a2200000, 0x0000000100000000)
  region size 1024K, 6 young (6144K), 1 survivors (1024K)
 Metaspace       used 15121K, committed 15360K, reserved 1114112K
  class space    used 1555K, committed 1664K, reserved 1048576K
GC Heap History (6 events):
Event: 2.214 GC heap before
{Heap before GC invocations=0 (full 0):
 garbage-first heap   total 96256K, used 14336K [0x00000000a2200000, 0x0000000100000000)
  region size 1024K, 13 young (13312K), 0 survivors (0K)
 Metaspace       used 11173K, committed 11456K, reserved 1114112K
  class space    used 1277K, committed 1408K, reserved 1048576K
}
Event: 2.228 GC heap after
{Heap after GC invocations=1 (full 1):
 garbage-first heap   total 20480K, used 5181K [0x00000000a2200000, 0x0000000100000000)
  region size 1024K, 0 young (0K), 0 survivors (0K)
 Metaspace       used 11173K, committed 11456K, reserved 1114112K
  class space    used 1277K, committed 1408K, reserved 1048576K
}
Event: 2.230 GC heap before
{Heap before GC invocations=1 (full 1):
 garbage-first heap   total 20480K, used 5181K [0x00000000a2200000, 0x0000000100000000)
  region size 1024K, 0 young (0K), 0 survivors (0K)
 Metaspace       used 11173K, committed 11456K, reserved 1114112K
  class space    used 1277K, committed 1408K, reserved 1048576K
}
Event: 2.237 GC heap after
{Heap after GC invocations=2 (full 2):
 garbage-first heap   total 20480K, used 5181K [0x00000000a2200000, 0x0000000100000000)
  region size 1024K, 0 young (0K), 0 survivors (0K)
 Metaspace       used 11173K, committed 11456K, reserved 1114112K
  class space    used 1277K, committed 1408K, reserved 1048576K
}
Event: 2.660 GC heap before
{Heap before GC invocations=2 (full 2):
 garbage-first heap   total 20480K, used 10301K [0x00000000a2200000, 0x0000000100000000)
  region size 1024K, 6 young (6144K), 0 survivors (0K)
 Metaspace       used 12946K, committed 13248K, reserved 1114112K
  class space    used 1407K, committed 1536K, reserved 1048576K
}
Event: 2.661 GC heap after
{Heap after GC invocations=3 (full 2):
 garbage-first heap   total 20480K, used 6535K [0x00000000a2200000, 0x0000000100000000)
  region size 1024K, 1 young (1024K), 1 survivors (1024K)
 Metaspace       used 12946K, committed 13248K, reserved 1114112K
  class space    used 1407K, committed 1536K, reserved 1048576K
}

